<?xml version="1.0" encoding="UTF-8"?>
<testng-results skipped="0" failed="0" total="1" passed="1">
  <reporter-output>
  </reporter-output>
  <suite name="Suite" duration-ms="30759" started-at="2017-06-09T06:15:04Z" finished-at="2017-06-09T06:15:35Z">
    <groups>
    </groups>
    <test name="Test" duration-ms="30759" started-at="2017-06-09T06:15:04Z" finished-at="2017-06-09T06:15:35Z">
      <class name="com.test.run.GetAllTextofWebpage">
        <test-method status="PASS" signature="start()[pri:0, instance:com.test.run.GetAllTextofWebpage@458ad742]" name="start" is-config="true" duration-ms="27873" started-at="2017-06-09T11:45:04Z" finished-at="2017-06-09T11:45:32Z">
          <reporter-output>
          </reporter-output>
        </test-method> <!-- start -->
        <test-method status="PASS" signature="getalltext()[pri:0, instance:com.test.run.GetAllTextofWebpage@458ad742]" name="getalltext" duration-ms="1796" started-at="2017-06-09T11:45:32Z" finished-at="2017-06-09T11:45:34Z">
          <reporter-output>
          </reporter-output>
        </test-method> <!-- getalltext -->
        <test-method status="PASS" signature="end()[pri:0, instance:com.test.run.GetAllTextofWebpage@458ad742]" name="end" is-config="true" duration-ms="1049" started-at="2017-06-09T11:45:34Z" finished-at="2017-06-09T11:45:35Z">
          <reporter-output>
          </reporter-output>
        </test-method> <!-- end -->
      </class> <!-- com.test.run.GetAllTextofWebpage -->
    </test> <!-- Test -->
  </suite> <!-- Suite -->
</testng-results>
